{"/Users/daniahabbas/jsProjects/flashcards-class/model/DbConnection.js": {"path":"/Users/daniahabbas/jsProjects/flashcards-class/model/DbConnection.js","statementMap":{"0":{"start":{"line":1,"column":0},"end":{"line":1,"column":27}},"1":{"start":{"line":2,"column":17},"end":{"line":2,"column":36}},"2":{"start":{"line":4,"column":0},"end":{"line":14,"column":1}},"3":{"start":{"line":5,"column":14},"end":{"line":5,"column":32}},"4":{"start":{"line":6,"column":4},"end":{"line":6,"column":54}},"5":{"start":{"line":6,"column":25},"end":{"line":6,"column":54}},"6":{"start":{"line":7,"column":4},"end":{"line":7,"column":68}},"7":{"start":{"line":7,"column":23},"end":{"line":7,"column":68}},"8":{"start":{"line":9,"column":4},"end":{"line":13,"column":5}},"9":{"start":{"line":10,"column":8},"end":{"line":10,"column":36}},"10":{"start":{"line":12,"column":8},"end":{"line":12,"column":27}},"11":{"start":{"line":16,"column":0},"end":{"line":18,"column":1}},"12":{"start":{"line":17,"column":4},"end":{"line":17,"column":38}}},"fnMap":{"0":{"name":"(anonymous_0)","decl":{"start":{"line":4,"column":18},"end":{"line":4,"column":19}},"loc":{"start":{"line":4,"column":39},"end":{"line":14,"column":1}},"line":4},"1":{"name":"(anonymous_1)","decl":{"start":{"line":16,"column":21},"end":{"line":16,"column":22}},"loc":{"start":{"line":16,"column":37},"end":{"line":18,"column":1}},"line":16}},"branchMap":{"0":{"loc":{"start":{"line":6,"column":4},"end":{"line":6,"column":54}},"type":"if","locations":[{"start":{"line":6,"column":4},"end":{"line":6,"column":54}},{"start":{},"end":{}}],"line":6},"1":{"loc":{"start":{"line":7,"column":4},"end":{"line":7,"column":68}},"type":"if","locations":[{"start":{"line":7,"column":4},"end":{"line":7,"column":68}},{"start":{},"end":{}}],"line":7}},"s":{"0":1,"1":1,"2":1,"3":1,"4":1,"5":1,"6":1,"7":0,"8":1,"9":1,"10":0,"11":1,"12":1},"f":{"0":1,"1":1},"b":{"0":[1,0],"1":[0,1]},"_coverageSchema":"1a1c01bbd47fc00a2c39e90264f33305004495a9","hash":"db9985797dfe0e18b730c1de70eef02ca7bae65c"}
,"/Users/daniahabbas/jsProjects/flashcards-class/model/DecksDaoMem.js": {"path":"/Users/daniahabbas/jsProjects/flashcards-class/model/DecksDaoMem.js","statementMap":{"0":{"start":{"line":1,"column":11},"end":{"line":1,"column":33}},"1":{"start":{"line":3,"column":0},"end":{"line":6,"column":2}},"2":{"start":{"line":4,"column":15},"end":{"line":4,"column":62}},"3":{"start":{"line":5,"column":2},"end":{"line":5,"column":26}},"4":{"start":{"line":8,"column":0},"end":{"line":20,"column":2}},"5":{"start":{"line":9,"column":17},"end":{"line":9,"column":21}},"6":{"start":{"line":10,"column":15},"end":{"line":10,"column":62}},"7":{"start":{"line":11,"column":16},"end":{"line":11,"column":32}},"8":{"start":{"line":12,"column":2},"end":{"line":17,"column":3}},"9":{"start":{"line":12,"column":15},"end":{"line":12,"column":16}},"10":{"start":{"line":13,"column":4},"end":{"line":16,"column":5}},"11":{"start":{"line":14,"column":6},"end":{"line":14,"column":31}},"12":{"start":{"line":15,"column":6},"end":{"line":15,"column":12}},"13":{"start":{"line":19,"column":2},"end":{"line":19,"column":18}},"14":{"start":{"line":22,"column":0},"end":{"line":28,"column":2}},"15":{"start":{"line":23,"column":15},"end":{"line":23,"column":62}},"16":{"start":{"line":24,"column":16},"end":{"line":24,"column":32}},"17":{"start":{"line":25,"column":2},"end":{"line":25,"column":19}},"18":{"start":{"line":26,"column":2},"end":{"line":26,"column":66}},"19":{"start":{"line":27,"column":2},"end":{"line":27,"column":14}},"20":{"start":{"line":30,"column":0},"end":{"line":47,"column":2}},"21":{"start":{"line":31,"column":15},"end":{"line":31,"column":62}},"22":{"start":{"line":32,"column":16},"end":{"line":32,"column":32}},"23":{"start":{"line":33,"column":14},"end":{"line":33,"column":16}},"24":{"start":{"line":34,"column":2},"end":{"line":38,"column":3}},"25":{"start":{"line":34,"column":15},"end":{"line":34,"column":16}},"26":{"start":{"line":35,"column":4},"end":{"line":37,"column":5}},"27":{"start":{"line":36,"column":6},"end":{"line":36,"column":16}},"28":{"start":{"line":40,"column":2},"end":{"line":45,"column":3}},"29":{"start":{"line":41,"column":4},"end":{"line":41,"column":34}},"30":{"start":{"line":42,"column":4},"end":{"line":42,"column":48}},"31":{"start":{"line":43,"column":4},"end":{"line":43,"column":38}},"32":{"start":{"line":44,"column":4},"end":{"line":44,"column":68}},"33":{"start":{"line":46,"column":2},"end":{"line":46,"column":22}},"34":{"start":{"line":49,"column":0},"end":{"line":62,"column":2}},"35":{"start":{"line":50,"column":15},"end":{"line":50,"column":62}},"36":{"start":{"line":51,"column":16},"end":{"line":51,"column":32}},"37":{"start":{"line":52,"column":14},"end":{"line":52,"column":16}},"38":{"start":{"line":53,"column":2},"end":{"line":57,"column":3}},"39":{"start":{"line":53,"column":15},"end":{"line":53,"column":16}},"40":{"start":{"line":54,"column":4},"end":{"line":56,"column":5}},"41":{"start":{"line":55,"column":6},"end":{"line":55,"column":16}},"42":{"start":{"line":58,"column":2},"end":{"line":61,"column":3}},"43":{"start":{"line":59,"column":4},"end":{"line":59,"column":27}},"44":{"start":{"line":60,"column":4},"end":{"line":60,"column":68}}},"fnMap":{"0":{"name":"(anonymous_0)","decl":{"start":{"line":3,"column":18},"end":{"line":3,"column":19}},"loc":{"start":{"line":3,"column":36},"end":{"line":6,"column":1}},"line":3},"1":{"name":"(anonymous_1)","decl":{"start":{"line":8,"column":15},"end":{"line":8,"column":16}},"loc":{"start":{"line":8,"column":38},"end":{"line":20,"column":1}},"line":8},"2":{"name":"(anonymous_2)","decl":{"start":{"line":22,"column":17},"end":{"line":22,"column":18}},"loc":{"start":{"line":22,"column":39},"end":{"line":28,"column":1}},"line":22},"3":{"name":"(anonymous_3)","decl":{"start":{"line":30,"column":17},"end":{"line":30,"column":18}},"loc":{"start":{"line":30,"column":47},"end":{"line":47,"column":1}},"line":30},"4":{"name":"(anonymous_4)","decl":{"start":{"line":49,"column":14},"end":{"line":49,"column":15}},"loc":{"start":{"line":49,"column":37},"end":{"line":62,"column":1}},"line":49}},"branchMap":{"0":{"loc":{"start":{"line":13,"column":4},"end":{"line":16,"column":5}},"type":"if","locations":[{"start":{"line":13,"column":4},"end":{"line":16,"column":5}},{"start":{},"end":{}}],"line":13},"1":{"loc":{"start":{"line":35,"column":4},"end":{"line":37,"column":5}},"type":"if","locations":[{"start":{"line":35,"column":4},"end":{"line":37,"column":5}},{"start":{},"end":{}}],"line":35},"2":{"loc":{"start":{"line":40,"column":2},"end":{"line":45,"column":3}},"type":"if","locations":[{"start":{"line":40,"column":2},"end":{"line":45,"column":3}},{"start":{},"end":{}}],"line":40},"3":{"loc":{"start":{"line":54,"column":4},"end":{"line":56,"column":5}},"type":"if","locations":[{"start":{"line":54,"column":4},"end":{"line":56,"column":5}},{"start":{},"end":{}}],"line":54},"4":{"loc":{"start":{"line":58,"column":2},"end":{"line":61,"column":3}},"type":"if","locations":[{"start":{"line":58,"column":2},"end":{"line":61,"column":3}},{"start":{},"end":{}}],"line":58},"5":{"loc":{"start":{"line":58,"column":6},"end":{"line":58,"column":40}},"type":"binary-expr","locations":[{"start":{"line":58,"column":6},"end":{"line":58,"column":16}},{"start":{"line":58,"column":20},"end":{"line":58,"column":40}}],"line":58}},"s":{"0":1,"1":1,"2":3,"3":3,"4":1,"5":1,"6":1,"7":1,"8":1,"9":1,"10":6,"11":1,"12":1,"13":1,"14":1,"15":4,"16":4,"17":4,"18":4,"19":4,"20":1,"21":1,"22":1,"23":1,"24":1,"25":1,"26":6,"27":1,"28":1,"29":1,"30":1,"31":1,"32":1,"33":1,"34":1,"35":6,"36":6,"37":6,"38":6,"39":6,"40":34,"41":4,"42":6,"43":4,"44":4},"f":{"0":3,"1":1,"2":4,"3":1,"4":6},"b":{"0":[1,5],"1":[1,5],"2":[1,0],"3":[4,30],"4":[4,2],"5":[6,4]},"_coverageSchema":"1a1c01bbd47fc00a2c39e90264f33305004495a9","hash":"214b104ed9cd3518142a263753108b24b59525ca"}
,"/Users/daniahabbas/jsProjects/flashcards-class/model/DecksDaoMongoose.js": {"path":"/Users/daniahabbas/jsProjects/flashcards-class/model/DecksDaoMongoose.js","statementMap":{"0":{"start":{"line":1,"column":17},"end":{"line":1,"column":36}},"1":{"start":{"line":3,"column":19},"end":{"line":8,"column":2}},"2":{"start":{"line":10,"column":18},"end":{"line":10,"column":52}},"3":{"start":{"line":12,"column":0},"end":{"line":15,"column":2}},"4":{"start":{"line":13,"column":19},"end":{"line":13,"column":41}},"5":{"start":{"line":14,"column":2},"end":{"line":14,"column":18}},"6":{"start":{"line":17,"column":0},"end":{"line":20,"column":2}},"7":{"start":{"line":18,"column":15},"end":{"line":18,"column":55}},"8":{"start":{"line":19,"column":2},"end":{"line":19,"column":14}},"9":{"start":{"line":22,"column":0},"end":{"line":26,"column":2}},"10":{"start":{"line":23,"column":20},"end":{"line":23,"column":39}},"11":{"start":{"line":24,"column":2},"end":{"line":24,"column":25}},"12":{"start":{"line":25,"column":2},"end":{"line":25,"column":19}},"13":{"start":{"line":28,"column":0},"end":{"line":31,"column":2}},"14":{"start":{"line":29,"column":17},"end":{"line":29,"column":73}},"15":{"start":{"line":30,"column":2},"end":{"line":30,"column":16}},"16":{"start":{"line":33,"column":0},"end":{"line":36,"column":2}},"17":{"start":{"line":34,"column":17},"end":{"line":34,"column":59}},"18":{"start":{"line":35,"column":2},"end":{"line":35,"column":16}},"19":{"start":{"line":38,"column":0},"end":{"line":42,"column":2}},"20":{"start":{"line":39,"column":2},"end":{"line":41,"column":3}},"21":{"start":{"line":40,"column":4},"end":{"line":40,"column":33}}},"fnMap":{"0":{"name":"(anonymous_0)","decl":{"start":{"line":12,"column":18},"end":{"line":12,"column":19}},"loc":{"start":{"line":12,"column":36},"end":{"line":15,"column":1}},"line":12},"1":{"name":"(anonymous_1)","decl":{"start":{"line":17,"column":15},"end":{"line":17,"column":16}},"loc":{"start":{"line":17,"column":38},"end":{"line":20,"column":1}},"line":17},"2":{"name":"(anonymous_2)","decl":{"start":{"line":22,"column":17},"end":{"line":22,"column":18}},"loc":{"start":{"line":22,"column":39},"end":{"line":26,"column":1}},"line":22},"3":{"name":"(anonymous_3)","decl":{"start":{"line":28,"column":17},"end":{"line":28,"column":18}},"loc":{"start":{"line":28,"column":47},"end":{"line":31,"column":1}},"line":28},"4":{"name":"(anonymous_4)","decl":{"start":{"line":33,"column":14},"end":{"line":33,"column":15}},"loc":{"start":{"line":33,"column":37},"end":{"line":36,"column":1}},"line":33},"5":{"name":"(anonymous_5)","decl":{"start":{"line":38,"column":20},"end":{"line":38,"column":21}},"loc":{"start":{"line":38,"column":43},"end":{"line":42,"column":1}},"line":38}},"branchMap":{"0":{"loc":{"start":{"line":39,"column":2},"end":{"line":41,"column":3}},"type":"if","locations":[{"start":{"line":39,"column":2},"end":{"line":41,"column":3}},{"start":{},"end":{}}],"line":39}},"s":{"0":1,"1":1,"2":1,"3":1,"4":2,"5":2,"6":1,"7":3,"8":3,"9":1,"10":6,"11":6,"12":6,"13":1,"14":1,"15":1,"16":1,"17":1,"18":1,"19":1,"20":6,"21":6},"f":{"0":2,"1":3,"2":6,"3":1,"4":1,"5":6},"b":{"0":[6,0]},"_coverageSchema":"1a1c01bbd47fc00a2c39e90264f33305004495a9","hash":"f81fb1ebef75eb761a4e0b4678f245737a69e7a4"}
}
