TN:
SF:model/DbConnection.js
FN:4,(anonymous_0)
FN:16,(anonymous_1)
FNF:2
FNH:2
FNDA:1,(anonymous_0)
FNDA:1,(anonymous_1)
DA:1,1
DA:2,1
DA:4,1
DA:5,1
DA:6,1
DA:7,1
DA:9,1
DA:10,1
DA:12,0
DA:16,1
DA:17,1
LF:11
LH:10
BRDA:6,0,0,1
BRDA:6,0,1,0
BRDA:7,1,0,0
BRDA:7,1,1,1
BRF:4
BRH:2
end_of_record
TN:
SF:model/DecksDaoMem.js
FN:3,(anonymous_0)
FN:8,(anonymous_1)
FN:22,(anonymous_2)
FN:30,(anonymous_3)
FN:49,(anonymous_4)
FNF:5
FNH:5
FNDA:3,(anonymous_0)
FNDA:1,(anonymous_1)
FNDA:4,(anonymous_2)
FNDA:1,(anonymous_3)
FNDA:6,(anonymous_4)
DA:1,1
DA:3,1
DA:4,3
DA:5,3
DA:8,1
DA:9,1
DA:10,1
DA:11,1
DA:12,1
DA:13,6
DA:14,1
DA:15,1
DA:19,1
DA:22,1
DA:23,4
DA:24,4
DA:25,4
DA:26,4
DA:27,4
DA:30,1
DA:31,1
DA:32,1
DA:33,1
DA:34,1
DA:35,6
DA:36,1
DA:40,1
DA:41,1
DA:42,1
DA:43,1
DA:44,1
DA:46,1
DA:49,1
DA:50,6
DA:51,6
DA:52,6
DA:53,6
DA:54,34
DA:55,4
DA:58,6
DA:59,4
DA:60,4
LF:42
LH:42
BRDA:13,0,0,1
BRDA:13,0,1,5
BRDA:35,1,0,1
BRDA:35,1,1,5
BRDA:40,2,0,1
BRDA:40,2,1,0
BRDA:54,3,0,4
BRDA:54,3,1,30
BRDA:58,4,0,4
BRDA:58,4,1,2
BRDA:58,5,0,6
BRDA:58,5,1,4
BRF:12
BRH:11
end_of_record
TN:
SF:model/DecksDaoMongoose.js
FN:12,(anonymous_0)
FN:17,(anonymous_1)
FN:22,(anonymous_2)
FN:28,(anonymous_3)
FN:33,(anonymous_4)
FN:38,(anonymous_5)
FNF:6
FNH:6
FNDA:2,(anonymous_0)
FNDA:3,(anonymous_1)
FNDA:6,(anonymous_2)
FNDA:1,(anonymous_3)
FNDA:1,(anonymous_4)
FNDA:6,(anonymous_5)
DA:1,1
DA:3,1
DA:10,1
DA:12,1
DA:13,2
DA:14,2
DA:17,1
DA:18,3
DA:19,3
DA:22,1
DA:23,6
DA:24,6
DA:25,6
DA:28,1
DA:29,1
DA:30,1
DA:33,1
DA:34,1
DA:35,1
DA:38,1
DA:39,6
DA:40,6
LF:22
LH:22
BRDA:39,0,0,6
BRDA:39,0,1,0
BRF:2
BRH:1
end_of_record
