TN:
SF:model/DecksDaoMem.js
FN:3,(anonymous_0)
FN:8,(anonymous_1)
FN:22,(anonymous_2)
FN:30,(anonymous_3)
FN:49,(anonymous_4)
FNF:5
FNH:5
FNDA:3,(anonymous_0)
FNDA:1,(anonymous_1)
FNDA:4,(anonymous_2)
FNDA:1,(anonymous_3)
FNDA:3,(anonymous_4)
DA:1,1
DA:3,1
DA:4,3
DA:5,3
DA:8,1
DA:9,1
DA:10,1
DA:11,1
DA:12,1
DA:13,7
DA:14,1
DA:15,1
DA:19,1
DA:22,1
DA:23,4
DA:24,4
DA:25,4
DA:26,4
DA:27,4
DA:30,1
DA:31,1
DA:32,1
DA:33,1
DA:34,1
DA:35,31
DA:36,13
DA:40,1
DA:41,1
DA:42,1
DA:43,1
DA:44,1
DA:46,1
DA:49,1
DA:50,3
DA:51,3
DA:52,3
DA:53,3
DA:54,94
DA:55,13
DA:58,3
DA:59,1
DA:60,1
LF:42
LH:42
BRDA:13,0,0,1
BRDA:13,0,1,6
BRDA:35,1,0,13
BRDA:35,1,1,18
BRDA:40,2,0,1
BRDA:40,2,1,0
BRDA:54,3,0,13
BRDA:54,3,1,81
BRDA:58,4,0,1
BRDA:58,4,1,2
BRDA:58,5,0,3
BRDA:58,5,1,1
BRF:12
BRH:11
end_of_record
